2022-10-30 02:00:08.314  INFO 33040 --- [main] com.yuqn.SentinelDemoApplication         : Starting SentinelDemoApplication using Java 1.8.0_311 on 餘de with PID 33040 (E:\myJavaProject\springCloudAlibaba_tl\sentinel-demo\target\classes started by yuqn in E:\myJavaProject\springCloudAlibaba_tl)
2022-10-30 02:00:08.358  INFO 33040 --- [main] com.yuqn.SentinelDemoApplication         : No active profile set, falling back to 1 default profile: "default"
2022-10-30 02:00:10.882  INFO 33040 --- [main] o.s.b.w.embedded.tomcat.TomcatWebServer  : Tomcat initialized with port(s): 8081 (http)
2022-10-30 02:00:10.897  INFO 33040 --- [main] o.apache.catalina.core.StandardService   : Starting service [Tomcat]
2022-10-30 02:00:10.898  INFO 33040 --- [main] org.apache.catalina.core.StandardEngine  : Starting Servlet engine: [Apache Tomcat/9.0.68]
2022-10-30 02:00:12.396  INFO 33040 --- [main] o.a.c.c.C.[Tomcat].[localhost].[/]       : Initializing Spring embedded WebApplicationContext
2022-10-30 02:00:12.397  INFO 33040 --- [main] w.s.c.ServletWebServerApplicationContext : Root WebApplicationContext: initialization completed in 3901 ms
2022-10-30 02:00:13.072  INFO 33040 --- [main] o.s.b.w.embedded.tomcat.TomcatWebServer  : Tomcat started on port(s): 8081 (http) with context path ''
2022-10-30 02:00:13.085  INFO 33040 --- [main] com.yuqn.SentinelDemoApplication         : Started SentinelDemoApplication in 6.081 seconds (JVM running for 12.582)
2022-10-30 02:03:17.909  INFO 26772 --- [main] com.yuqn.SentinelDemoApplication         : Starting SentinelDemoApplication using Java 1.8.0_311 on 餘de with PID 26772 (E:\myJavaProject\springCloudAlibaba_tl\sentinel-demo\target\classes started by yuqn in E:\myJavaProject\springCloudAlibaba_tl)
2022-10-30 02:03:17.914  INFO 26772 --- [main] com.yuqn.SentinelDemoApplication         : No active profile set, falling back to 1 default profile: "default"
2022-10-30 02:03:19.421  INFO 26772 --- [main] o.s.b.w.embedded.tomcat.TomcatWebServer  : Tomcat initialized with port(s): 8081 (http)
2022-10-30 02:03:19.439  INFO 26772 --- [main] o.apache.catalina.core.StandardService   : Starting service [Tomcat]
2022-10-30 02:03:19.439  INFO 26772 --- [main] org.apache.catalina.core.StandardEngine  : Starting Servlet engine: [Apache Tomcat/9.0.68]
2022-10-30 02:03:19.649  INFO 26772 --- [main] o.a.c.c.C.[Tomcat].[localhost].[/]       : Initializing Spring embedded WebApplicationContext
2022-10-30 02:03:19.650  INFO 26772 --- [main] w.s.c.ServletWebServerApplicationContext : Root WebApplicationContext: initialization completed in 1545 ms
2022-10-30 02:03:20.212  INFO 26772 --- [main] o.s.b.w.embedded.tomcat.TomcatWebServer  : Tomcat started on port(s): 8081 (http) with context path ''
2022-10-30 02:03:20.225  INFO 26772 --- [main] com.yuqn.SentinelDemoApplication         : Started SentinelDemoApplication in 3.114 seconds (JVM running for 5.248)
2022-10-30 02:04:06.633  INFO 26772 --- [http-nio-8081-exec-1] o.a.c.c.C.[Tomcat].[localhost].[/]       : Initializing Spring DispatcherServlet 'dispatcherServlet'
2022-10-30 02:04:06.633  INFO 26772 --- [http-nio-8081-exec-1] o.s.web.servlet.DispatcherServlet        : Initializing Servlet 'dispatcherServlet'
2022-10-30 02:04:06.634  INFO 26772 --- [http-nio-8081-exec-1] o.s.web.servlet.DispatcherServlet        : Completed initialization in 1 ms
2022-10-30 02:04:06.739  INFO 26772 --- [http-nio-8081-exec-1] com.yuqn.controller.TestController       : ==========hello world===========
2022-10-30 02:04:13.263  INFO 26772 --- [http-nio-8081-exec-2] com.yuqn.controller.TestController       : ==========hello world===========
2022-10-30 02:04:13.506  INFO 26772 --- [http-nio-8081-exec-3] com.yuqn.controller.TestController       : block!
2022-10-30 02:04:52.268  INFO 26772 --- [http-nio-8081-exec-4] com.yuqn.controller.TestController       : ==========hello world===========
2022-10-30 02:04:52.450  INFO 26772 --- [http-nio-8081-exec-5] com.yuqn.controller.TestController       : block!
2022-10-30 02:04:52.635  INFO 26772 --- [http-nio-8081-exec-6] com.yuqn.controller.TestController       : block!
2022-10-30 02:04:52.801  INFO 26772 --- [http-nio-8081-exec-7] com.yuqn.controller.TestController       : block!
2022-10-30 02:04:53.027  INFO 26772 --- [http-nio-8081-exec-8] com.yuqn.controller.TestController       : ==========hello world===========
2022-10-30 02:04:53.235  INFO 26772 --- [http-nio-8081-exec-9] com.yuqn.controller.TestController       : block!
2022-10-30 02:04:53.410  INFO 26772 --- [http-nio-8081-exec-10] com.yuqn.controller.TestController       : block!
2022-10-30 02:04:53.583  INFO 26772 --- [http-nio-8081-exec-1] com.yuqn.controller.TestController       : block!
2022-10-30 02:04:53.829  INFO 26772 --- [http-nio-8081-exec-2] com.yuqn.controller.TestController       : block!
2022-10-30 02:04:54.008  INFO 26772 --- [http-nio-8081-exec-3] com.yuqn.controller.TestController       : ==========hello world===========
2022-10-30 02:04:54.178  INFO 26772 --- [http-nio-8081-exec-4] com.yuqn.controller.TestController       : block!
2022-10-30 02:04:54.385  INFO 26772 --- [http-nio-8081-exec-5] com.yuqn.controller.TestController       : block!
2022-10-30 02:05:45.774  INFO 11932 --- [main] com.yuqn.SentinelDemoApplication         : Starting SentinelDemoApplication using Java 1.8.0_311 on 餘de with PID 11932 (E:\myJavaProject\springCloudAlibaba_tl\sentinel-demo\target\classes started by yuqn in E:\myJavaProject\springCloudAlibaba_tl)
2022-10-30 02:05:45.778  INFO 11932 --- [main] com.yuqn.SentinelDemoApplication         : No active profile set, falling back to 1 default profile: "default"
2022-10-30 02:05:46.885  INFO 11932 --- [main] o.s.b.w.embedded.tomcat.TomcatWebServer  : Tomcat initialized with port(s): 8081 (http)
2022-10-30 02:05:46.898  INFO 11932 --- [main] o.apache.catalina.core.StandardService   : Starting service [Tomcat]
2022-10-30 02:05:46.899  INFO 11932 --- [main] org.apache.catalina.core.StandardEngine  : Starting Servlet engine: [Apache Tomcat/9.0.68]
2022-10-30 02:05:47.040  INFO 11932 --- [main] o.a.c.c.C.[Tomcat].[localhost].[/]       : Initializing Spring embedded WebApplicationContext
2022-10-30 02:05:47.041  INFO 11932 --- [main] w.s.c.ServletWebServerApplicationContext : Root WebApplicationContext: initialization completed in 1190 ms
2022-10-30 02:05:47.494  INFO 11932 --- [main] o.s.b.w.embedded.tomcat.TomcatWebServer  : Tomcat started on port(s): 8081 (http) with context path ''
2022-10-30 02:05:47.505  INFO 11932 --- [main] com.yuqn.SentinelDemoApplication         : Started SentinelDemoApplication in 2.494 seconds (JVM running for 4.634)
2022-10-30 02:05:58.669  INFO 11932 --- [http-nio-8081-exec-1] o.a.c.c.C.[Tomcat].[localhost].[/]       : Initializing Spring DispatcherServlet 'dispatcherServlet'
2022-10-30 02:05:58.669  INFO 11932 --- [http-nio-8081-exec-1] o.s.web.servlet.DispatcherServlet        : Initializing Servlet 'dispatcherServlet'
2022-10-30 02:05:58.670  INFO 11932 --- [http-nio-8081-exec-1] o.s.web.servlet.DispatcherServlet        : Completed initialization in 1 ms
2022-10-30 02:05:58.749  INFO 11932 --- [http-nio-8081-exec-1] com.yuqn.controller.TestController       : ==========hello world===========
2022-10-30 02:05:59.508  INFO 11932 --- [http-nio-8081-exec-2] com.yuqn.controller.TestController       : ==========hello world===========
2022-10-30 02:05:59.719  INFO 11932 --- [http-nio-8081-exec-3] com.yuqn.controller.TestController       : block!
2022-10-30 02:08:29.714  INFO 11932 --- [http-nio-8081-exec-6] com.yuqn.controller.TestController       : ==========hello world===========
2022-10-30 02:08:33.837  INFO 11932 --- [http-nio-8081-exec-7] com.yuqn.controller.TestController       : ==========hello world===========
2022-10-30 02:08:34.124  INFO 11932 --- [http-nio-8081-exec-8] com.yuqn.controller.TestController       : block!
2022-10-30 02:13:32.284  INFO 11932 --- [http-nio-8081-exec-1] com.yuqn.controller.TestController       : ==========hello world===========
2022-10-30 02:13:33.137  INFO 11932 --- [http-nio-8081-exec-2] com.yuqn.controller.TestController       : ==========hello world===========
2022-10-30 02:13:39.701  INFO 11932 --- [http-nio-8081-exec-3] com.yuqn.controller.TestController       : ==========hello world===========
2022-10-30 02:13:43.983  INFO 11932 --- [http-nio-8081-exec-4] com.yuqn.controller.TestController       : ==========hello world===========
2022-10-30 02:13:44.201  INFO 11932 --- [http-nio-8081-exec-5] com.yuqn.controller.TestController       : block!
2022-10-30 11:44:35.172  INFO 11232 --- [main] com.yuqn.SentinelDemoApplication         : Starting SentinelDemoApplication using Java 1.8.0_311 on 餘de with PID 11232 (E:\myJavaProject\springCloudAlibaba_tl\sentinel-demo\target\classes started by yuqn in E:\myJavaProject\springCloudAlibaba_tl)
2022-10-30 11:44:35.186  INFO 11232 --- [main] com.yuqn.SentinelDemoApplication         : No active profile set, falling back to 1 default profile: "default"
2022-10-30 11:44:36.569  INFO 11232 --- [main] o.s.b.w.embedded.tomcat.TomcatWebServer  : Tomcat initialized with port(s): 8081 (http)
2022-10-30 11:44:36.583  INFO 11232 --- [main] o.apache.catalina.core.StandardService   : Starting service [Tomcat]
2022-10-30 11:44:36.583  INFO 11232 --- [main] org.apache.catalina.core.StandardEngine  : Starting Servlet engine: [Apache Tomcat/9.0.68]
2022-10-30 11:44:36.931  INFO 11232 --- [main] o.a.c.c.C.[Tomcat].[localhost].[/]       : Initializing Spring embedded WebApplicationContext
2022-10-30 11:44:36.932  INFO 11232 --- [main] w.s.c.ServletWebServerApplicationContext : Root WebApplicationContext: initialization completed in 1612 ms
2022-10-30 11:44:37.529  INFO 11232 --- [main] o.s.b.w.embedded.tomcat.TomcatWebServer  : Tomcat started on port(s): 8081 (http) with context path ''
2022-10-30 11:44:37.544  INFO 11232 --- [main] com.yuqn.SentinelDemoApplication         : Started SentinelDemoApplication in 3.131 seconds (JVM running for 6.414)
2022-10-30 11:45:21.986  INFO 11232 --- [http-nio-8081-exec-2] o.a.c.c.C.[Tomcat].[localhost].[/]       : Initializing Spring DispatcherServlet 'dispatcherServlet'
2022-10-30 11:45:21.986  INFO 11232 --- [http-nio-8081-exec-2] o.s.web.servlet.DispatcherServlet        : Initializing Servlet 'dispatcherServlet'
2022-10-30 11:45:21.987  INFO 11232 --- [http-nio-8081-exec-2] o.s.web.servlet.DispatcherServlet        : Completed initialization in 1 ms
2022-10-30 11:45:22.137  INFO 11232 --- [http-nio-8081-exec-2] com.yuqn.controller.TestController       : ==========hello world===========
2022-10-30 11:45:23.337  INFO 11232 --- [http-nio-8081-exec-3] com.yuqn.controller.TestController       : ==========hello world===========
2022-10-30 11:45:23.642  INFO 11232 --- [http-nio-8081-exec-4] com.yuqn.controller.TestController       : block!
2022-10-30 11:45:32.157  INFO 11232 --- [http-nio-8081-exec-5] com.yuqn.controller.TestController       : ==========hello world===========
2022-10-30 11:52:45.733  INFO 11232 --- [http-nio-8081-exec-1] com.yuqn.controller.TestController       : ==========hello world===========
2022-10-30 11:52:47.326  INFO 11232 --- [http-nio-8081-exec-3] com.yuqn.controller.TestController       : ==========hello world===========
2022-10-30 11:52:48.131  INFO 11232 --- [http-nio-8081-exec-4] com.yuqn.controller.TestController       : ==========hello world===========
2022-10-30 11:52:48.337  INFO 11232 --- [http-nio-8081-exec-5] com.yuqn.controller.TestController       : block!
2022-10-30 11:53:50.503  INFO 11232 --- [http-nio-8081-exec-4] com.yuqn.controller.TestController       : ==========hello world===========
2022-10-30 11:53:51.619  INFO 11232 --- [http-nio-8081-exec-5] com.yuqn.controller.TestController       : ==========hello world===========
2022-10-30 11:57:23.856  INFO 11232 --- [http-nio-8081-exec-5] com.yuqn.controller.TestController       : ==========hello world===========
2022-10-30 11:57:24.080  INFO 11232 --- [http-nio-8081-exec-6] com.yuqn.controller.TestController       : block!
2022-10-30 13:25:00.817  INFO 20420 --- [main] com.yuqn.SentinelDemoApplication         : Starting SentinelDemoApplication using Java 1.8.0_311 on 餘de with PID 20420 (E:\myJavaProject\springCloudAlibaba_tl\sentinel-demo\target\classes started by yuqn in E:\myJavaProject\springCloudAlibaba_tl)
2022-10-30 13:25:00.821  INFO 20420 --- [main] com.yuqn.SentinelDemoApplication         : No active profile set, falling back to 1 default profile: "default"
2022-10-30 13:25:02.131  INFO 20420 --- [main] o.s.b.w.embedded.tomcat.TomcatWebServer  : Tomcat initialized with port(s): 8081 (http)
2022-10-30 13:25:02.141  INFO 20420 --- [main] o.apache.catalina.core.StandardService   : Starting service [Tomcat]
2022-10-30 13:25:02.143  INFO 20420 --- [main] org.apache.catalina.core.StandardEngine  : Starting Servlet engine: [Apache Tomcat/9.0.68]
2022-10-30 13:25:02.293  INFO 20420 --- [main] o.a.c.c.C.[Tomcat].[localhost].[/]       : Initializing Spring embedded WebApplicationContext
2022-10-30 13:25:02.293  INFO 20420 --- [main] w.s.c.ServletWebServerApplicationContext : Root WebApplicationContext: initialization completed in 1402 ms
2022-10-30 13:25:02.724  INFO 20420 --- [main] o.s.b.w.embedded.tomcat.TomcatWebServer  : Tomcat started on port(s): 8081 (http) with context path ''
2022-10-30 13:25:02.734  INFO 20420 --- [main] com.yuqn.SentinelDemoApplication         : Started SentinelDemoApplication in 2.634 seconds (JVM running for 4.67)
2022-10-30 13:31:59.960  INFO 20420 --- [http-nio-8081-exec-1] o.a.c.c.C.[Tomcat].[localhost].[/]       : Initializing Spring DispatcherServlet 'dispatcherServlet'
2022-10-30 13:31:59.960  INFO 20420 --- [http-nio-8081-exec-1] o.s.web.servlet.DispatcherServlet        : Initializing Servlet 'dispatcherServlet'
2022-10-30 13:31:59.961  INFO 20420 --- [http-nio-8081-exec-1] o.s.web.servlet.DispatcherServlet        : Completed initialization in 1 ms
2022-10-30 13:32:00.044  INFO 20420 --- [http-nio-8081-exec-1] com.yuqn.controller.TestController       : ==========hello world===========
2022-10-30 13:33:02.559  INFO 16148 --- [main] com.yuqn.SentinelDemoApplication         : Starting SentinelDemoApplication using Java 1.8.0_311 on 餘de with PID 16148 (E:\myJavaProject\springCloudAlibaba_tl\sentinel-demo\target\classes started by yuqn in E:\myJavaProject\springCloudAlibaba_tl)
2022-10-30 13:33:02.563  INFO 16148 --- [main] com.yuqn.SentinelDemoApplication         : No active profile set, falling back to 1 default profile: "default"
2022-10-30 13:33:03.571  INFO 16148 --- [main] o.s.b.w.embedded.tomcat.TomcatWebServer  : Tomcat initialized with port(s): 8081 (http)
2022-10-30 13:33:03.581  INFO 16148 --- [main] o.apache.catalina.core.StandardService   : Starting service [Tomcat]
2022-10-30 13:33:03.581  INFO 16148 --- [main] org.apache.catalina.core.StandardEngine  : Starting Servlet engine: [Apache Tomcat/9.0.68]
2022-10-30 13:33:03.718  INFO 16148 --- [main] o.a.c.c.C.[Tomcat].[localhost].[/]       : Initializing Spring embedded WebApplicationContext
2022-10-30 13:33:03.719  INFO 16148 --- [main] w.s.c.ServletWebServerApplicationContext : Root WebApplicationContext: initialization completed in 1078 ms
2022-10-30 13:33:04.136  INFO 16148 --- [main] o.s.b.w.embedded.tomcat.TomcatWebServer  : Tomcat started on port(s): 8081 (http) with context path ''
2022-10-30 13:33:04.146  INFO 16148 --- [main] com.yuqn.SentinelDemoApplication         : Started SentinelDemoApplication in 2.242 seconds (JVM running for 4.408)
2022-10-30 13:33:41.377  INFO 16148 --- [http-nio-8081-exec-1] o.a.c.c.C.[Tomcat].[localhost].[/]       : Initializing Spring DispatcherServlet 'dispatcherServlet'
2022-10-30 13:33:41.377  INFO 16148 --- [http-nio-8081-exec-1] o.s.web.servlet.DispatcherServlet        : Initializing Servlet 'dispatcherServlet'
2022-10-30 13:33:41.378  INFO 16148 --- [http-nio-8081-exec-1] o.s.web.servlet.DispatcherServlet        : Completed initialization in 1 ms
2022-10-30 13:33:41.460  INFO 16148 --- [http-nio-8081-exec-1] com.yuqn.controller.TestController       : ==========hello world===========
2022-10-30 13:33:56.033  INFO 16148 --- [http-nio-8081-exec-2] com.yuqn.controller.TestController       : ==========hello world===========
2022-10-30 13:33:56.208  INFO 16148 --- [http-nio-8081-exec-3] com.yuqn.controller.TestController       : block!
2022-10-30 13:33:56.400  INFO 16148 --- [http-nio-8081-exec-4] com.yuqn.controller.TestController       : block!
2022-10-30 13:33:56.564  INFO 16148 --- [http-nio-8081-exec-5] com.yuqn.controller.TestController       : block!
2022-10-30 13:33:56.799  INFO 16148 --- [http-nio-8081-exec-6] com.yuqn.controller.TestController       : block!
2022-10-30 13:39:29.925  INFO 13292 --- [main] com.yuqn.SentinelDemoApplication         : Starting SentinelDemoApplication using Java 1.8.0_311 on 餘de with PID 13292 (E:\myJavaProject\springCloudAlibaba_tl\sentinel-demo\target\classes started by yuqn in E:\myJavaProject\springCloudAlibaba_tl)
2022-10-30 13:39:29.931  INFO 13292 --- [main] com.yuqn.SentinelDemoApplication         : No active profile set, falling back to 1 default profile: "default"
2022-10-30 13:39:31.238  INFO 13292 --- [main] o.s.b.w.embedded.tomcat.TomcatWebServer  : Tomcat initialized with port(s): 8081 (http)
2022-10-30 13:39:31.249  INFO 13292 --- [main] o.apache.catalina.core.StandardService   : Starting service [Tomcat]
2022-10-30 13:39:31.249  INFO 13292 --- [main] org.apache.catalina.core.StandardEngine  : Starting Servlet engine: [Apache Tomcat/9.0.68]
2022-10-30 13:39:31.388  INFO 13292 --- [main] o.a.c.c.C.[Tomcat].[localhost].[/]       : Initializing Spring embedded WebApplicationContext
2022-10-30 13:39:31.388  INFO 13292 --- [main] w.s.c.ServletWebServerApplicationContext : Root WebApplicationContext: initialization completed in 1359 ms
2022-10-30 13:39:31.831  INFO 13292 --- [main] o.s.b.w.embedded.tomcat.TomcatWebServer  : Tomcat started on port(s): 8081 (http) with context path ''
2022-10-30 13:39:31.842  INFO 13292 --- [main] com.yuqn.SentinelDemoApplication         : Started SentinelDemoApplication in 2.808 seconds (JVM running for 4.97)
2022-10-30 13:39:39.694  INFO 13292 --- [http-nio-8081-exec-1] o.a.c.c.C.[Tomcat].[localhost].[/]       : Initializing Spring DispatcherServlet 'dispatcherServlet'
2022-10-30 13:39:39.695  INFO 13292 --- [http-nio-8081-exec-1] o.s.web.servlet.DispatcherServlet        : Initializing Servlet 'dispatcherServlet'
2022-10-30 13:39:39.695  INFO 13292 --- [http-nio-8081-exec-1] o.s.web.servlet.DispatcherServlet        : Completed initialization in 0 ms
2022-10-30 13:42:40.252  INFO 16012 --- [main] com.yuqn.SentinelDemoApplication         : Starting SentinelDemoApplication using Java 1.8.0_311 on 餘de with PID 16012 (E:\myJavaProject\springCloudAlibaba_tl\sentinel-demo\target\classes started by yuqn in E:\myJavaProject\springCloudAlibaba_tl)
2022-10-30 13:42:40.257  INFO 16012 --- [main] com.yuqn.SentinelDemoApplication         : No active profile set, falling back to 1 default profile: "default"
2022-10-30 13:42:41.259  INFO 16012 --- [main] o.s.b.w.embedded.tomcat.TomcatWebServer  : Tomcat initialized with port(s): 8081 (http)
2022-10-30 13:42:41.268  INFO 16012 --- [main] o.apache.catalina.core.StandardService   : Starting service [Tomcat]
2022-10-30 13:42:41.269  INFO 16012 --- [main] org.apache.catalina.core.StandardEngine  : Starting Servlet engine: [Apache Tomcat/9.0.68]
2022-10-30 13:42:41.406  INFO 16012 --- [main] o.a.c.c.C.[Tomcat].[localhost].[/]       : Initializing Spring embedded WebApplicationContext
2022-10-30 13:42:41.407  INFO 16012 --- [main] w.s.c.ServletWebServerApplicationContext : Root WebApplicationContext: initialization completed in 1080 ms
2022-10-30 13:42:41.830  INFO 16012 --- [main] o.s.b.w.embedded.tomcat.TomcatWebServer  : Tomcat started on port(s): 8081 (http) with context path ''
2022-10-30 13:42:41.848  INFO 16012 --- [main] com.yuqn.SentinelDemoApplication         : Started SentinelDemoApplication in 2.294 seconds (JVM running for 4.334)
2022-10-30 13:44:02.130  INFO 16012 --- [http-nio-8081-exec-2] o.a.c.c.C.[Tomcat].[localhost].[/]       : Initializing Spring DispatcherServlet 'dispatcherServlet'
2022-10-30 13:44:02.130  INFO 16012 --- [http-nio-8081-exec-2] o.s.web.servlet.DispatcherServlet        : Initializing Servlet 'dispatcherServlet'
2022-10-30 13:44:02.131  INFO 16012 --- [http-nio-8081-exec-2] o.s.web.servlet.DispatcherServlet        : Completed initialization in 1 ms
2022-10-30 13:44:31.449  INFO 16012 --- [http-nio-8081-exec-1] com.yuqn.controller.TestController       : ==========hello world===========
2022-10-30 13:49:21.855  INFO 20192 --- [main] com.yuqn.SentinelDemoApplication         : Starting SentinelDemoApplication using Java 1.8.0_311 on 餘de with PID 20192 (E:\myJavaProject\springCloudAlibaba_tl\sentinel-demo\target\classes started by yuqn in E:\myJavaProject\springCloudAlibaba_tl)
2022-10-30 13:49:21.859  INFO 20192 --- [main] com.yuqn.SentinelDemoApplication         : No active profile set, falling back to 1 default profile: "default"
2022-10-30 13:49:22.875  INFO 20192 --- [main] o.s.b.w.embedded.tomcat.TomcatWebServer  : Tomcat initialized with port(s): 8081 (http)
2022-10-30 13:49:22.889  INFO 20192 --- [main] o.apache.catalina.core.StandardService   : Starting service [Tomcat]
2022-10-30 13:49:22.890  INFO 20192 --- [main] org.apache.catalina.core.StandardEngine  : Starting Servlet engine: [Apache Tomcat/9.0.68]
2022-10-30 13:49:23.044  INFO 20192 --- [main] o.a.c.c.C.[Tomcat].[localhost].[/]       : Initializing Spring embedded WebApplicationContext
2022-10-30 13:49:23.044  INFO 20192 --- [main] w.s.c.ServletWebServerApplicationContext : Root WebApplicationContext: initialization completed in 1120 ms
2022-10-30 13:49:23.445  INFO 20192 --- [main] o.s.b.w.embedded.tomcat.TomcatWebServer  : Tomcat started on port(s): 8081 (http) with context path ''
2022-10-30 13:49:23.456  INFO 20192 --- [main] com.yuqn.SentinelDemoApplication         : Started SentinelDemoApplication in 2.531 seconds (JVM running for 4.854)
2022-10-30 13:50:28.455  INFO 20192 --- [http-nio-8081-exec-1] o.a.c.c.C.[Tomcat].[localhost].[/]       : Initializing Spring DispatcherServlet 'dispatcherServlet'
2022-10-30 13:50:28.455  INFO 20192 --- [http-nio-8081-exec-1] o.s.web.servlet.DispatcherServlet        : Initializing Servlet 'dispatcherServlet'
2022-10-30 13:50:28.456  INFO 20192 --- [http-nio-8081-exec-1] o.s.web.servlet.DispatcherServlet        : Completed initialization in 1 ms
2022-10-30 13:50:31.730  INFO 20192 --- [http-nio-8081-exec-2] com.yuqn.controller.TestController       : ==========hello world===========
2022-10-30 13:50:50.600  INFO 20192 --- [http-nio-8081-exec-3] com.yuqn.controller.TestController       : ==========hello world===========
2022-10-30 13:50:50.779  INFO 20192 --- [http-nio-8081-exec-4] com.yuqn.controller.TestController       : ==========hello world===========
2022-10-30 13:50:51.399  INFO 20192 --- [http-nio-8081-exec-5] com.yuqn.controller.TestController       : ==========hello world===========
2022-10-30 13:50:51.579  INFO 20192 --- [http-nio-8081-exec-6] com.yuqn.controller.TestController       : ==========hello world===========
2022-10-30 13:50:51.764  INFO 20192 --- [http-nio-8081-exec-7] com.yuqn.controller.TestController       : ==========hello world===========
2022-10-30 13:51:00.423  INFO 20192 --- [http-nio-8081-exec-8] com.yuqn.controller.TestController       : ==========hello world===========
2022-10-30 13:51:22.879  INFO 20192 --- [http-nio-8081-exec-9] com.yuqn.controller.TestController       : ==========hello world===========
2022-10-30 13:52:23.084  INFO 20356 --- [main] com.yuqn.SentinelDemoApplication         : Starting SentinelDemoApplication using Java 1.8.0_311 on 餘de with PID 20356 (E:\myJavaProject\springCloudAlibaba_tl\sentinel-demo\target\classes started by yuqn in E:\myJavaProject\springCloudAlibaba_tl)
2022-10-30 13:52:23.089  INFO 20356 --- [main] com.yuqn.SentinelDemoApplication         : No active profile set, falling back to 1 default profile: "default"
2022-10-30 13:52:24.210  INFO 20356 --- [main] o.s.b.w.embedded.tomcat.TomcatWebServer  : Tomcat initialized with port(s): 8081 (http)
2022-10-30 13:52:24.220  INFO 20356 --- [main] o.apache.catalina.core.StandardService   : Starting service [Tomcat]
2022-10-30 13:52:24.220  INFO 20356 --- [main] org.apache.catalina.core.StandardEngine  : Starting Servlet engine: [Apache Tomcat/9.0.68]
2022-10-30 13:52:24.359  INFO 20356 --- [main] o.a.c.c.C.[Tomcat].[localhost].[/]       : Initializing Spring embedded WebApplicationContext
2022-10-30 13:52:24.359  INFO 20356 --- [main] w.s.c.ServletWebServerApplicationContext : Root WebApplicationContext: initialization completed in 1160 ms
2022-10-30 13:52:24.790  INFO 20356 --- [main] o.s.b.w.embedded.tomcat.TomcatWebServer  : Tomcat started on port(s): 8081 (http) with context path ''
2022-10-30 13:52:24.799  INFO 20356 --- [main] com.yuqn.SentinelDemoApplication         : Started SentinelDemoApplication in 2.688 seconds (JVM running for 4.518)
2022-10-30 13:52:40.011  INFO 20356 --- [http-nio-8081-exec-1] o.a.c.c.C.[Tomcat].[localhost].[/]       : Initializing Spring DispatcherServlet 'dispatcherServlet'
2022-10-30 13:52:40.011  INFO 20356 --- [http-nio-8081-exec-1] o.s.web.servlet.DispatcherServlet        : Initializing Servlet 'dispatcherServlet'
2022-10-30 13:52:40.012  INFO 20356 --- [http-nio-8081-exec-1] o.s.web.servlet.DispatcherServlet        : Completed initialization in 1 ms
2022-10-30 13:53:01.998  INFO 20356 --- [http-nio-8081-exec-8] com.yuqn.controller.TestController       : ==========hello world===========
2022-10-30 13:53:03.300  INFO 20356 --- [http-nio-8081-exec-9] com.yuqn.controller.TestController       : ==========hello world===========
2022-10-30 13:53:03.696  INFO 20356 --- [http-nio-8081-exec-10] com.yuqn.controller.TestController       : ==========hello world===========
2022-10-30 13:53:03.895  INFO 20356 --- [http-nio-8081-exec-1] com.yuqn.controller.TestController       : ==========hello world===========
2022-10-30 13:53:55.796  INFO 15612 --- [main] com.yuqn.SentinelDemoApplication         : Starting SentinelDemoApplication using Java 1.8.0_311 on 餘de with PID 15612 (E:\myJavaProject\springCloudAlibaba_tl\sentinel-demo\target\classes started by yuqn in E:\myJavaProject\springCloudAlibaba_tl)
2022-10-30 13:53:55.802  INFO 15612 --- [main] com.yuqn.SentinelDemoApplication         : No active profile set, falling back to 1 default profile: "default"
2022-10-30 13:53:56.985  INFO 15612 --- [main] o.s.b.w.embedded.tomcat.TomcatWebServer  : Tomcat initialized with port(s): 8081 (http)
2022-10-30 13:53:56.994  INFO 15612 --- [main] o.apache.catalina.core.StandardService   : Starting service [Tomcat]
2022-10-30 13:53:56.995  INFO 15612 --- [main] org.apache.catalina.core.StandardEngine  : Starting Servlet engine: [Apache Tomcat/9.0.68]
2022-10-30 13:53:57.133  INFO 15612 --- [main] o.a.c.c.C.[Tomcat].[localhost].[/]       : Initializing Spring embedded WebApplicationContext
2022-10-30 13:53:57.134  INFO 15612 --- [main] w.s.c.ServletWebServerApplicationContext : Root WebApplicationContext: initialization completed in 1243 ms
2022-10-30 13:53:57.558  INFO 15612 --- [main] o.s.b.w.embedded.tomcat.TomcatWebServer  : Tomcat started on port(s): 8081 (http) with context path ''
2022-10-30 13:53:57.570  INFO 15612 --- [main] com.yuqn.SentinelDemoApplication         : Started SentinelDemoApplication in 2.619 seconds (JVM running for 4.498)
2022-10-30 13:55:22.385  INFO 15612 --- [http-nio-8081-exec-1] o.a.c.c.C.[Tomcat].[localhost].[/]       : Initializing Spring DispatcherServlet 'dispatcherServlet'
2022-10-30 13:55:22.385  INFO 15612 --- [http-nio-8081-exec-1] o.s.web.servlet.DispatcherServlet        : Initializing Servlet 'dispatcherServlet'
2022-10-30 13:55:22.386  INFO 15612 --- [http-nio-8081-exec-1] o.s.web.servlet.DispatcherServlet        : Completed initialization in 1 ms
2022-10-30 13:55:41.511  INFO 15612 --- [http-nio-8081-exec-2] com.yuqn.controller.TestController       : ==========hello world===========
2022-10-30 13:55:42.654  INFO 15612 --- [http-nio-8081-exec-3] com.yuqn.controller.TestController       : ==========hello world===========
2022-10-30 13:55:42.859  INFO 15612 --- [http-nio-8081-exec-4] com.yuqn.controller.TestController       : block!
2022-10-30 13:56:30.744  INFO 15612 --- [http-nio-8081-exec-6] com.yuqn.controller.TestController       : ==========hello world===========
2022-10-30 13:56:30.933  INFO 15612 --- [http-nio-8081-exec-7] com.yuqn.controller.TestController       : block!
2022-10-30 13:56:31.103  INFO 15612 --- [http-nio-8081-exec-8] com.yuqn.controller.TestController       : block!
2022-10-30 13:56:31.283  INFO 15612 --- [http-nio-8081-exec-9] com.yuqn.controller.TestController       : block!
2022-10-30 13:56:31.459  INFO 15612 --- [http-nio-8081-exec-10] com.yuqn.controller.TestController       : block!
2022-10-30 13:56:31.639  INFO 15612 --- [http-nio-8081-exec-1] com.yuqn.controller.TestController       : ==========hello world===========
2022-10-30 13:56:31.824  INFO 15612 --- [http-nio-8081-exec-2] com.yuqn.controller.TestController       : block!
2022-10-30 13:56:32.007  INFO 15612 --- [http-nio-8081-exec-3] com.yuqn.controller.TestController       : block!
2022-10-30 13:56:32.169  INFO 15612 --- [http-nio-8081-exec-4] com.yuqn.controller.TestController       : block!
2022-10-30 13:56:32.355  INFO 15612 --- [http-nio-8081-exec-5] com.yuqn.controller.TestController       : block!
2022-10-30 13:56:32.538  INFO 15612 --- [http-nio-8081-exec-6] com.yuqn.controller.TestController       : ==========hello world===========
2022-10-30 13:56:32.683  INFO 15612 --- [http-nio-8081-exec-7] com.yuqn.controller.TestController       : block!
2022-10-30 13:56:32.852  INFO 15612 --- [http-nio-8081-exec-8] com.yuqn.controller.TestController       : block!
2022-10-30 13:56:33.039  INFO 15612 --- [http-nio-8081-exec-9] com.yuqn.controller.TestController       : block!
2022-10-30 13:56:33.275  INFO 15612 --- [http-nio-8081-exec-10] com.yuqn.controller.TestController       : block!
2022-10-30 13:56:33.504  INFO 15612 --- [http-nio-8081-exec-1] com.yuqn.controller.TestController       : block!
2022-10-30 13:56:33.689  INFO 15612 --- [http-nio-8081-exec-2] com.yuqn.controller.TestController       : ==========hello world===========
2022-10-30 13:56:33.868  INFO 15612 --- [http-nio-8081-exec-3] com.yuqn.controller.TestController       : block!
2022-10-30 13:56:34.057  INFO 15612 --- [http-nio-8081-exec-4] com.yuqn.controller.TestController       : block!
2022-10-30 13:56:36.962  INFO 15612 --- [http-nio-8081-exec-5] com.yuqn.controller.TestController       : ==========hello world===========
2022-10-30 13:56:37.158  INFO 15612 --- [http-nio-8081-exec-6] com.yuqn.controller.TestController       : block!
2022-10-30 13:56:37.344  INFO 15612 --- [http-nio-8081-exec-7] com.yuqn.controller.TestController       : block!
2022-10-30 13:56:37.545  INFO 15612 --- [http-nio-8081-exec-8] com.yuqn.controller.TestController       : ==========hello world===========
2022-10-30 13:58:48.473  INFO 10008 --- [main] com.yuqn.SentinelDemoApplication         : Starting SentinelDemoApplication using Java 1.8.0_311 on 餘de with PID 10008 (E:\myJavaProject\springCloudAlibaba_tl\sentinel-demo\target\classes started by yuqn in E:\myJavaProject\springCloudAlibaba_tl)
2022-10-30 13:58:48.477  INFO 10008 --- [main] com.yuqn.SentinelDemoApplication         : No active profile set, falling back to 1 default profile: "default"
2022-10-30 13:58:49.560  INFO 10008 --- [main] o.s.b.w.embedded.tomcat.TomcatWebServer  : Tomcat initialized with port(s): 8081 (http)
2022-10-30 13:58:49.572  INFO 10008 --- [main] o.apache.catalina.core.StandardService   : Starting service [Tomcat]
2022-10-30 13:58:49.572  INFO 10008 --- [main] org.apache.catalina.core.StandardEngine  : Starting Servlet engine: [Apache Tomcat/9.0.68]
2022-10-30 13:58:49.712  INFO 10008 --- [main] o.a.c.c.C.[Tomcat].[localhost].[/]       : Initializing Spring embedded WebApplicationContext
2022-10-30 13:58:49.713  INFO 10008 --- [main] w.s.c.ServletWebServerApplicationContext : Root WebApplicationContext: initialization completed in 1157 ms
2022-10-30 13:58:50.131  INFO 10008 --- [main] o.s.b.w.embedded.tomcat.TomcatWebServer  : Tomcat started on port(s): 8081 (http) with context path ''
2022-10-30 13:58:50.141  INFO 10008 --- [main] com.yuqn.SentinelDemoApplication         : Started SentinelDemoApplication in 2.356 seconds (JVM running for 4.194)
2022-10-30 13:59:28.319  INFO 10008 --- [http-nio-8081-exec-1] o.a.c.c.C.[Tomcat].[localhost].[/]       : Initializing Spring DispatcherServlet 'dispatcherServlet'
2022-10-30 13:59:28.319  INFO 10008 --- [http-nio-8081-exec-1] o.s.web.servlet.DispatcherServlet        : Initializing Servlet 'dispatcherServlet'
2022-10-30 13:59:28.320  INFO 10008 --- [http-nio-8081-exec-1] o.s.web.servlet.DispatcherServlet        : Completed initialization in 1 ms
2022-10-30 13:59:28.407  INFO 10008 --- [http-nio-8081-exec-1] com.yuqn.controller.TestController       : ==========hello world===========
2022-10-30 13:59:28.634  INFO 10008 --- [http-nio-8081-exec-2] com.yuqn.controller.TestController       : block!
2022-10-30 13:59:28.812  INFO 10008 --- [http-nio-8081-exec-3] com.yuqn.controller.TestController       : block!
